[0201/204532.826:WARNING:angle_platform_impl.cc(48)] HLSLCompiler.cpp:257 (compileToBinary): 
C:\fakepath(102,1-6): warning X4000: use of potentially uninitialized variable (dyn_index_vec4_float4)

[0201/204532.941:WARNING:angle_platform_impl.cc(48)] HLSLCompiler.cpp:257 (compileToBinary): 
C:\fakepath(135,1): warning X4000: use of potentially uninitialized variable (f_i)
C:\fakepath(137,1): warning X4000: use of potentially uninitialized variable (f_i)
C:\fakepath(173,1): warning X4000: use of potentially uninitialized variable (f_u)

[0201/204533.245:WARNING:angle_platform_impl.cc(48)] HLSLCompiler.cpp:257 (compileToBinary): 
C:\fakepath(165,1): warning X4000: use of potentially uninitialized variable (f_renderMipMapLevel)

[0201/204533.256:WARNING:angle_platform_impl.cc(48)] HLSLCompiler.cpp:257 (compileToBinary): 
C:\fakepath(165,1): warning X4000: use of potentially uninitialized variable (f_renderMipMapLevel)

[0201/204533.346:WARNING:angle_platform_impl.cc(48)] HLSLCompiler.cpp:257 (compileToBinary): 
C:\fakepath(381,10-38): warning X4008: floating point division by zero
C:\fakepath(381,10-38): warning X4008: floating point division by zero

[0201/204533.460:ERROR:gl_utils.cc(314)] [.WebGL-000003826EBD0E00] GL_INVALID_OPERATION: Two textures of different types use the same sampler location.
[0201/204533.460:ERROR:gl_utils.cc(314)] [.WebGL-000003826EBD0E00] GL_INVALID_OPERATION: Two textures of different types use the same sampler location.
[0201/204533.460:ERROR:gl_utils.cc(314)] [.WebGL-000003826EBD0E00] GL_INVALID_OPERATION: Two textures of different types use the same sampler location.
[0201/204533.500:ERROR:gl_utils.cc(314)] [.WebGL-000003826EBD0E00] GL_INVALID_OPERATION: Two textures of different types use the same sampler location.
[0201/204533.559:ERROR:gl_utils.cc(314)] [.WebGL-000003826EBD0E00] GL_INVALID_OPERATION: Two textures of different types use the same sampler location.
[0201/204533.559:ERROR:gl_utils.cc(314)] [.WebGL-000003826EBD0E00] GL_INVALID_OPERATION: Two textures of different types use the same sampler location.
[0201/204630.103:ERROR:gpu_init.cc(426)] Passthrough is not supported, GL is disabled
